<?xml version="1.0" encoding="UTF-8"?>
<!-- Generated by org.testng.reporters.JUnitXMLReporter -->
<testsuite hostname="USHYDASANKAR2" name="Default test" tests="2" failures="0" timestamp="8 Oct 2016 11:20:28 GMT" time="0.105" errors="0">
  <testcase name="@BeforeMethod startBrowser" time="0.0" classname="testCases.BVT_Testcases">
    <failure type="org.testng.TestNGException" message="
Parameter &amp;apos;browsername&amp;apos; is required by @Configuration on method startBrowser but has not been marked @Optional or defined
in C:\Users\asankar\AppData\Local\Temp\testng-eclipse-1218166018\testng-customsuite.xml">
      <![CDATA[org.testng.TestNGException: 
Parameter 'browsername' is required by @Configuration on method startBrowser but has not been marked @Optional or defined
in C:\Users\asankar\AppData\Local\Temp\testng-eclipse-1218166018\testng-customsuite.xml
	at org.testng.internal.Parameters.createParameters(Parameters.java:165)
	at org.testng.internal.Parameters.createParameters(Parameters.java:372)
	at org.testng.internal.Parameters.createConfigurationParameters(Parameters.java:90)
	at org.testng.internal.Invoker.invokeConfigurations(Invoker.java:199)
	at org.testng.internal.Invoker.invokeMethod(Invoker.java:601)
	at org.testng.internal.Invoker.invokeTestMethod(Invoker.java:845)
	at org.testng.internal.Invoker.invokeTestMethods(Invoker.java:1153)
	at org.testng.internal.TestMethodWorker.invokeTestMethods(TestMethodWorker.java:125)
	at org.testng.internal.TestMethodWorker.run(TestMethodWorker.java:108)
	at org.testng.TestRunner.privateRun(TestRunner.java:771)
	at org.testng.TestRunner.run(TestRunner.java:621)
	at org.testng.SuiteRunner.runTest(SuiteRunner.java:357)
	at org.testng.SuiteRunner.runSequentially(SuiteRunner.java:352)
	at org.testng.SuiteRunner.privateRun(SuiteRunner.java:310)
	at org.testng.SuiteRunner.run(SuiteRunner.java:259)
	at org.testng.SuiteRunnerWorker.runSuite(SuiteRunnerWorker.java:52)
	at org.testng.SuiteRunnerWorker.run(SuiteRunnerWorker.java:86)
	at org.testng.TestNG.runSuitesSequentially(TestNG.java:1199)
	at org.testng.TestNG.runSuitesLocally(TestNG.java:1124)
	at org.testng.TestNG.run(TestNG.java:1032)
	at org.testng.remote.AbstractRemoteTestNG.run(AbstractRemoteTestNG.java:126)
	at org.testng.remote.RemoteTestNG.initAndRun(RemoteTestNG.java:152)
	at org.testng.remote.RemoteTestNG.main(RemoteTestNG.java:57)
]]>
    </failure>
  </testcase> <!-- @BeforeMethod startBrowser -->
  <testcase name="@AfterMethod stopBrowser" time="0.0" classname="testCases.BVT_Testcases">
    <skipped/>
  </testcase> <!-- @AfterMethod stopBrowser -->
  <testcase name="@BeforeMethod startBrowser" time="0.0" classname="testCases.BVT_Testcases">
    <skipped/>
  </testcase> <!-- @BeforeMethod startBrowser -->
  <testcase name="@AfterMethod stopBrowser" time="0.0" classname="testCases.BVT_Testcases">
    <skipped/>
  </testcase> <!-- @AfterMethod stopBrowser -->
  <testcase name="Access_Global" time="0.043" classname="testCases.BVT_Testcases">
    <skipped/>
  </testcase> <!-- Access_Global -->
  <testcase name="Access_LCSP" time="0.0" classname="testCases.BVT_Testcases">
    <skipped/>
  </testcase> <!-- Access_LCSP -->
</testsuite> <!-- Default test -->
